<?xml version="1.0" encoding="UTF-8"?>
<testsuite xmlns:xsi="http://www.w3.org/2001/XMLSchema-instance" xsi:noNamespaceSchemaLocation="https://maven.apache.org/surefire/maven-surefire-plugin/xsd/surefire-test-report-3.0.xsd" version="3.0" name="com.aplicacion.backendcitas.BackendcitasApplicationTests" time="4.898" tests="1" errors="0" skipped="0" failures="0">
  <properties>
    <property name="java.specification.version" value="21"/>
    <property name="sun.jnu.encoding" value="UTF-8"/>
    <property name="java.class.path" value="/home/gonzaloma/Documents/Universidad/Ing_Web/Proyecto/IngenieriaWeb/backendcitas/target/test-classes:/home/gonzaloma/Documents/Universidad/Ing_Web/Proyecto/IngenieriaWeb/backendcitas/target/classes:/home/gonzaloma/.m2/repository/org/springframework/boot/spring-boot-starter-thymeleaf/3.3.6/spring-boot-starter-thymeleaf-3.3.6.jar:/home/gonzaloma/.m2/repository/org/springframework/boot/spring-boot-starter/3.3.6/spring-boot-starter-3.3.6.jar:/home/gonzaloma/.m2/repository/org/springframework/boot/spring-boot-starter-logging/3.3.6/spring-boot-starter-logging-3.3.6.jar:/home/gonzaloma/.m2/repository/ch/qos/logback/logback-classic/1.5.12/logback-classic-1.5.12.jar:/home/gonzaloma/.m2/repository/ch/qos/logback/logback-core/1.5.12/logback-core-1.5.12.jar:/home/gonzaloma/.m2/repository/org/apache/logging/log4j/log4j-to-slf4j/2.23.1/log4j-to-slf4j-2.23.1.jar:/home/gonzaloma/.m2/repository/org/apache/logging/log4j/log4j-api/2.23.1/log4j-api-2.23.1.jar:/home/gonzaloma/.m2/repository/org/slf4j/jul-to-slf4j/2.0.16/jul-to-slf4j-2.0.16.jar:/home/gonzaloma/.m2/repository/org/yaml/snakeyaml/2.2/snakeyaml-2.2.jar:/home/gonzaloma/.m2/repository/org/thymeleaf/thymeleaf-spring6/3.1.2.RELEASE/thymeleaf-spring6-3.1.2.RELEASE.jar:/home/gonzaloma/.m2/repository/org/thymeleaf/thymeleaf/3.1.2.RELEASE/thymeleaf-3.1.2.RELEASE.jar:/home/gonzaloma/.m2/repository/org/attoparser/attoparser/2.0.7.RELEASE/attoparser-2.0.7.RELEASE.jar:/home/gonzaloma/.m2/repository/org/unbescape/unbescape/1.1.6.RELEASE/unbescape-1.1.6.RELEASE.jar:/home/gonzaloma/.m2/repository/org/slf4j/slf4j-api/2.0.16/slf4j-api-2.0.16.jar:/home/gonzaloma/.m2/repository/org/springframework/boot/spring-boot-starter-web/3.3.6/spring-boot-starter-web-3.3.6.jar:/home/gonzaloma/.m2/repository/org/springframework/boot/spring-boot-starter-json/3.3.6/spring-boot-starter-json-3.3.6.jar:/home/gonzaloma/.m2/repository/com/fasterxml/jackson/core/jackson-databind/2.17.3/jackson-databind-2.17.3.jar:/home/gonzaloma/.m2/repository/com/fasterxml/jackson/core/jackson-annotations/2.17.3/jackson-annotations-2.17.3.jar:/home/gonzaloma/.m2/repository/com/fasterxml/jackson/core/jackson-core/2.17.3/jackson-core-2.17.3.jar:/home/gonzaloma/.m2/repository/com/fasterxml/jackson/datatype/jackson-datatype-jdk8/2.17.3/jackson-datatype-jdk8-2.17.3.jar:/home/gonzaloma/.m2/repository/com/fasterxml/jackson/datatype/jackson-datatype-jsr310/2.17.3/jackson-datatype-jsr310-2.17.3.jar:/home/gonzaloma/.m2/repository/com/fasterxml/jackson/module/jackson-module-parameter-names/2.17.3/jackson-module-parameter-names-2.17.3.jar:/home/gonzaloma/.m2/repository/org/springframework/spring-web/6.1.15/spring-web-6.1.15.jar:/home/gonzaloma/.m2/repository/org/springframework/spring-beans/6.1.15/spring-beans-6.1.15.jar:/home/gonzaloma/.m2/repository/io/micrometer/micrometer-observation/1.13.8/micrometer-observation-1.13.8.jar:/home/gonzaloma/.m2/repository/io/micrometer/micrometer-commons/1.13.8/micrometer-commons-1.13.8.jar:/home/gonzaloma/.m2/repository/org/springframework/spring-webmvc/6.1.15/spring-webmvc-6.1.15.jar:/home/gonzaloma/.m2/repository/org/springframework/spring-aop/6.1.15/spring-aop-6.1.15.jar:/home/gonzaloma/.m2/repository/org/springframework/spring-context/6.1.15/spring-context-6.1.15.jar:/home/gonzaloma/.m2/repository/org/springframework/spring-expression/6.1.15/spring-expression-6.1.15.jar:/home/gonzaloma/.m2/repository/org/springframework/boot/spring-boot-devtools/3.3.6/spring-boot-devtools-3.3.6.jar:/home/gonzaloma/.m2/repository/org/springframework/boot/spring-boot/3.3.6/spring-boot-3.3.6.jar:/home/gonzaloma/.m2/repository/org/springframework/boot/spring-boot-autoconfigure/3.3.6/spring-boot-autoconfigure-3.3.6.jar:/home/gonzaloma/.m2/repository/org/springframework/boot/spring-boot-starter-tomcat/3.3.6/spring-boot-starter-tomcat-3.3.6.jar:/home/gonzaloma/.m2/repository/jakarta/annotation/jakarta.annotation-api/2.1.1/jakarta.annotation-api-2.1.1.jar:/home/gonzaloma/.m2/repository/org/apache/tomcat/embed/tomcat-embed-core/10.1.33/tomcat-embed-core-10.1.33.jar:/home/gonzaloma/.m2/repository/org/apache/tomcat/embed/tomcat-embed-el/10.1.33/tomcat-embed-el-10.1.33.jar:/home/gonzaloma/.m2/repository/org/apache/tomcat/embed/tomcat-embed-websocket/10.1.33/tomcat-embed-websocket-10.1.33.jar:/home/gonzaloma/.m2/repository/org/springframework/boot/spring-boot-starter-test/3.3.6/spring-boot-starter-test-3.3.6.jar:/home/gonzaloma/.m2/repository/org/springframework/boot/spring-boot-test/3.3.6/spring-boot-test-3.3.6.jar:/home/gonzaloma/.m2/repository/org/springframework/boot/spring-boot-test-autoconfigure/3.3.6/spring-boot-test-autoconfigure-3.3.6.jar:/home/gonzaloma/.m2/repository/com/jayway/jsonpath/json-path/2.9.0/json-path-2.9.0.jar:/home/gonzaloma/.m2/repository/jakarta/xml/bind/jakarta.xml.bind-api/4.0.2/jakarta.xml.bind-api-4.0.2.jar:/home/gonzaloma/.m2/repository/jakarta/activation/jakarta.activation-api/2.1.3/jakarta.activation-api-2.1.3.jar:/home/gonzaloma/.m2/repository/net/minidev/json-smart/2.5.1/json-smart-2.5.1.jar:/home/gonzaloma/.m2/repository/net/minidev/accessors-smart/2.5.1/accessors-smart-2.5.1.jar:/home/gonzaloma/.m2/repository/org/ow2/asm/asm/9.6/asm-9.6.jar:/home/gonzaloma/.m2/repository/org/assertj/assertj-core/3.25.3/assertj-core-3.25.3.jar:/home/gonzaloma/.m2/repository/net/bytebuddy/byte-buddy/1.14.19/byte-buddy-1.14.19.jar:/home/gonzaloma/.m2/repository/org/awaitility/awaitility/4.2.2/awaitility-4.2.2.jar:/home/gonzaloma/.m2/repository/org/hamcrest/hamcrest/2.2/hamcrest-2.2.jar:/home/gonzaloma/.m2/repository/org/junit/jupiter/junit-jupiter/5.10.5/junit-jupiter-5.10.5.jar:/home/gonzaloma/.m2/repository/org/junit/jupiter/junit-jupiter-api/5.10.5/junit-jupiter-api-5.10.5.jar:/home/gonzaloma/.m2/repository/org/opentest4j/opentest4j/1.3.0/opentest4j-1.3.0.jar:/home/gonzaloma/.m2/repository/org/junit/platform/junit-platform-commons/1.10.5/junit-platform-commons-1.10.5.jar:/home/gonzaloma/.m2/repository/org/apiguardian/apiguardian-api/1.1.2/apiguardian-api-1.1.2.jar:/home/gonzaloma/.m2/repository/org/junit/jupiter/junit-jupiter-params/5.10.5/junit-jupiter-params-5.10.5.jar:/home/gonzaloma/.m2/repository/org/junit/jupiter/junit-jupiter-engine/5.10.5/junit-jupiter-engine-5.10.5.jar:/home/gonzaloma/.m2/repository/org/junit/platform/junit-platform-engine/1.10.5/junit-platform-engine-1.10.5.jar:/home/gonzaloma/.m2/repository/org/mockito/mockito-core/5.11.0/mockito-core-5.11.0.jar:/home/gonzaloma/.m2/repository/net/bytebuddy/byte-buddy-agent/1.14.19/byte-buddy-agent-1.14.19.jar:/home/gonzaloma/.m2/repository/org/objenesis/objenesis/3.3/objenesis-3.3.jar:/home/gonzaloma/.m2/repository/org/mockito/mockito-junit-jupiter/5.11.0/mockito-junit-jupiter-5.11.0.jar:/home/gonzaloma/.m2/repository/org/skyscreamer/jsonassert/1.5.3/jsonassert-1.5.3.jar:/home/gonzaloma/.m2/repository/com/vaadin/external/google/android-json/0.0.20131108.vaadin1/android-json-0.0.20131108.vaadin1.jar:/home/gonzaloma/.m2/repository/org/springframework/spring-core/6.1.15/spring-core-6.1.15.jar:/home/gonzaloma/.m2/repository/org/springframework/spring-jcl/6.1.15/spring-jcl-6.1.15.jar:/home/gonzaloma/.m2/repository/org/springframework/spring-test/6.1.15/spring-test-6.1.15.jar:/home/gonzaloma/.m2/repository/org/xmlunit/xmlunit-core/2.9.1/xmlunit-core-2.9.1.jar:/home/gonzaloma/.m2/repository/org/springframework/boot/spring-boot-starter-data-jpa/3.3.6/spring-boot-starter-data-jpa-3.3.6.jar:/home/gonzaloma/.m2/repository/org/springframework/boot/spring-boot-starter-aop/3.3.6/spring-boot-starter-aop-3.3.6.jar:/home/gonzaloma/.m2/repository/org/aspectj/aspectjweaver/1.9.22.1/aspectjweaver-1.9.22.1.jar:/home/gonzaloma/.m2/repository/org/springframework/boot/spring-boot-starter-jdbc/3.3.6/spring-boot-starter-jdbc-3.3.6.jar:/home/gonzaloma/.m2/repository/com/zaxxer/HikariCP/5.1.0/HikariCP-5.1.0.jar:/home/gonzaloma/.m2/repository/org/springframework/spring-jdbc/6.1.15/spring-jdbc-6.1.15.jar:/home/gonzaloma/.m2/repository/org/hibernate/orm/hibernate-core/6.5.3.Final/hibernate-core-6.5.3.Final.jar:/home/gonzaloma/.m2/repository/jakarta/persistence/jakarta.persistence-api/3.1.0/jakarta.persistence-api-3.1.0.jar:/home/gonzaloma/.m2/repository/jakarta/transaction/jakarta.transaction-api/2.0.1/jakarta.transaction-api-2.0.1.jar:/home/gonzaloma/.m2/repository/org/jboss/logging/jboss-logging/3.5.3.Final/jboss-logging-3.5.3.Final.jar:/home/gonzaloma/.m2/repository/org/hibernate/common/hibernate-commons-annotations/6.0.6.Final/hibernate-commons-annotations-6.0.6.Final.jar:/home/gonzaloma/.m2/repository/io/smallrye/jandex/3.1.2/jandex-3.1.2.jar:/home/gonzaloma/.m2/repository/com/fasterxml/classmate/1.7.0/classmate-1.7.0.jar:/home/gonzaloma/.m2/repository/org/glassfish/jaxb/jaxb-runtime/4.0.5/jaxb-runtime-4.0.5.jar:/home/gonzaloma/.m2/repository/org/glassfish/jaxb/jaxb-core/4.0.5/jaxb-core-4.0.5.jar:/home/gonzaloma/.m2/repository/org/eclipse/angus/angus-activation/2.0.2/angus-activation-2.0.2.jar:/home/gonzaloma/.m2/repository/org/glassfish/jaxb/txw2/4.0.5/txw2-4.0.5.jar:/home/gonzaloma/.m2/repository/com/sun/istack/istack-commons-runtime/4.1.2/istack-commons-runtime-4.1.2.jar:/home/gonzaloma/.m2/repository/jakarta/inject/jakarta.inject-api/2.0.1/jakarta.inject-api-2.0.1.jar:/home/gonzaloma/.m2/repository/org/antlr/antlr4-runtime/4.13.0/antlr4-runtime-4.13.0.jar:/home/gonzaloma/.m2/repository/org/springframework/data/spring-data-jpa/3.3.6/spring-data-jpa-3.3.6.jar:/home/gonzaloma/.m2/repository/org/springframework/data/spring-data-commons/3.3.6/spring-data-commons-3.3.6.jar:/home/gonzaloma/.m2/repository/org/springframework/spring-orm/6.1.15/spring-orm-6.1.15.jar:/home/gonzaloma/.m2/repository/org/springframework/spring-tx/6.1.15/spring-tx-6.1.15.jar:/home/gonzaloma/.m2/repository/org/springframework/spring-aspects/6.1.15/spring-aspects-6.1.15.jar:/home/gonzaloma/.m2/repository/com/h2database/h2/2.2.224/h2-2.2.224.jar:"/>
    <property name="java.vm.vendor" value="Ubuntu"/>
    <property name="sun.arch.data.model" value="64"/>
    <property name="java.vendor.url" value="https://ubuntu.com/"/>
    <property name="user.timezone" value="Europe/Madrid"/>
    <property name="org.jboss.logging.provider" value="slf4j"/>
    <property name="os.name" value="Linux"/>
    <property name="java.vm.specification.version" value="21"/>
    <property name="sun.java.launcher" value="SUN_STANDARD"/>
    <property name="user.country" value="US"/>
    <property name="sun.boot.library.path" value="/usr/lib/jvm/java-21-openjdk-amd64/lib"/>
    <property name="sun.java.command" value="/home/gonzaloma/Documents/Universidad/Ing_Web/Proyecto/IngenieriaWeb/backendcitas/target/surefire/surefirebooter-20241205155452898_3.jar /home/gonzaloma/Documents/Universidad/Ing_Web/Proyecto/IngenieriaWeb/backendcitas/target/surefire 2024-12-05T15-54-52_816-jvmRun1 surefire-20241205155452898_1tmp surefire_0-20241205155452898_2tmp"/>
    <property name="jdk.debug" value="release"/>
    <property name="surefire.test.class.path" value="/home/gonzaloma/Documents/Universidad/Ing_Web/Proyecto/IngenieriaWeb/backendcitas/target/test-classes:/home/gonzaloma/Documents/Universidad/Ing_Web/Proyecto/IngenieriaWeb/backendcitas/target/classes:/home/gonzaloma/.m2/repository/org/springframework/boot/spring-boot-starter-thymeleaf/3.3.6/spring-boot-starter-thymeleaf-3.3.6.jar:/home/gonzaloma/.m2/repository/org/springframework/boot/spring-boot-starter/3.3.6/spring-boot-starter-3.3.6.jar:/home/gonzaloma/.m2/repository/org/springframework/boot/spring-boot-starter-logging/3.3.6/spring-boot-starter-logging-3.3.6.jar:/home/gonzaloma/.m2/repository/ch/qos/logback/logback-classic/1.5.12/logback-classic-1.5.12.jar:/home/gonzaloma/.m2/repository/ch/qos/logback/logback-core/1.5.12/logback-core-1.5.12.jar:/home/gonzaloma/.m2/repository/org/apache/logging/log4j/log4j-to-slf4j/2.23.1/log4j-to-slf4j-2.23.1.jar:/home/gonzaloma/.m2/repository/org/apache/logging/log4j/log4j-api/2.23.1/log4j-api-2.23.1.jar:/home/gonzaloma/.m2/repository/org/slf4j/jul-to-slf4j/2.0.16/jul-to-slf4j-2.0.16.jar:/home/gonzaloma/.m2/repository/org/yaml/snakeyaml/2.2/snakeyaml-2.2.jar:/home/gonzaloma/.m2/repository/org/thymeleaf/thymeleaf-spring6/3.1.2.RELEASE/thymeleaf-spring6-3.1.2.RELEASE.jar:/home/gonzaloma/.m2/repository/org/thymeleaf/thymeleaf/3.1.2.RELEASE/thymeleaf-3.1.2.RELEASE.jar:/home/gonzaloma/.m2/repository/org/attoparser/attoparser/2.0.7.RELEASE/attoparser-2.0.7.RELEASE.jar:/home/gonzaloma/.m2/repository/org/unbescape/unbescape/1.1.6.RELEASE/unbescape-1.1.6.RELEASE.jar:/home/gonzaloma/.m2/repository/org/slf4j/slf4j-api/2.0.16/slf4j-api-2.0.16.jar:/home/gonzaloma/.m2/repository/org/springframework/boot/spring-boot-starter-web/3.3.6/spring-boot-starter-web-3.3.6.jar:/home/gonzaloma/.m2/repository/org/springframework/boot/spring-boot-starter-json/3.3.6/spring-boot-starter-json-3.3.6.jar:/home/gonzaloma/.m2/repository/com/fasterxml/jackson/core/jackson-databind/2.17.3/jackson-databind-2.17.3.jar:/home/gonzaloma/.m2/repository/com/fasterxml/jackson/core/jackson-annotations/2.17.3/jackson-annotations-2.17.3.jar:/home/gonzaloma/.m2/repository/com/fasterxml/jackson/core/jackson-core/2.17.3/jackson-core-2.17.3.jar:/home/gonzaloma/.m2/repository/com/fasterxml/jackson/datatype/jackson-datatype-jdk8/2.17.3/jackson-datatype-jdk8-2.17.3.jar:/home/gonzaloma/.m2/repository/com/fasterxml/jackson/datatype/jackson-datatype-jsr310/2.17.3/jackson-datatype-jsr310-2.17.3.jar:/home/gonzaloma/.m2/repository/com/fasterxml/jackson/module/jackson-module-parameter-names/2.17.3/jackson-module-parameter-names-2.17.3.jar:/home/gonzaloma/.m2/repository/org/springframework/spring-web/6.1.15/spring-web-6.1.15.jar:/home/gonzaloma/.m2/repository/org/springframework/spring-beans/6.1.15/spring-beans-6.1.15.jar:/home/gonzaloma/.m2/repository/io/micrometer/micrometer-observation/1.13.8/micrometer-observation-1.13.8.jar:/home/gonzaloma/.m2/repository/io/micrometer/micrometer-commons/1.13.8/micrometer-commons-1.13.8.jar:/home/gonzaloma/.m2/repository/org/springframework/spring-webmvc/6.1.15/spring-webmvc-6.1.15.jar:/home/gonzaloma/.m2/repository/org/springframework/spring-aop/6.1.15/spring-aop-6.1.15.jar:/home/gonzaloma/.m2/repository/org/springframework/spring-context/6.1.15/spring-context-6.1.15.jar:/home/gonzaloma/.m2/repository/org/springframework/spring-expression/6.1.15/spring-expression-6.1.15.jar:/home/gonzaloma/.m2/repository/org/springframework/boot/spring-boot-devtools/3.3.6/spring-boot-devtools-3.3.6.jar:/home/gonzaloma/.m2/repository/org/springframework/boot/spring-boot/3.3.6/spring-boot-3.3.6.jar:/home/gonzaloma/.m2/repository/org/springframework/boot/spring-boot-autoconfigure/3.3.6/spring-boot-autoconfigure-3.3.6.jar:/home/gonzaloma/.m2/repository/org/springframework/boot/spring-boot-starter-tomcat/3.3.6/spring-boot-starter-tomcat-3.3.6.jar:/home/gonzaloma/.m2/repository/jakarta/annotation/jakarta.annotation-api/2.1.1/jakarta.annotation-api-2.1.1.jar:/home/gonzaloma/.m2/repository/org/apache/tomcat/embed/tomcat-embed-core/10.1.33/tomcat-embed-core-10.1.33.jar:/home/gonzaloma/.m2/repository/org/apache/tomcat/embed/tomcat-embed-el/10.1.33/tomcat-embed-el-10.1.33.jar:/home/gonzaloma/.m2/repository/org/apache/tomcat/embed/tomcat-embed-websocket/10.1.33/tomcat-embed-websocket-10.1.33.jar:/home/gonzaloma/.m2/repository/org/springframework/boot/spring-boot-starter-test/3.3.6/spring-boot-starter-test-3.3.6.jar:/home/gonzaloma/.m2/repository/org/springframework/boot/spring-boot-test/3.3.6/spring-boot-test-3.3.6.jar:/home/gonzaloma/.m2/repository/org/springframework/boot/spring-boot-test-autoconfigure/3.3.6/spring-boot-test-autoconfigure-3.3.6.jar:/home/gonzaloma/.m2/repository/com/jayway/jsonpath/json-path/2.9.0/json-path-2.9.0.jar:/home/gonzaloma/.m2/repository/jakarta/xml/bind/jakarta.xml.bind-api/4.0.2/jakarta.xml.bind-api-4.0.2.jar:/home/gonzaloma/.m2/repository/jakarta/activation/jakarta.activation-api/2.1.3/jakarta.activation-api-2.1.3.jar:/home/gonzaloma/.m2/repository/net/minidev/json-smart/2.5.1/json-smart-2.5.1.jar:/home/gonzaloma/.m2/repository/net/minidev/accessors-smart/2.5.1/accessors-smart-2.5.1.jar:/home/gonzaloma/.m2/repository/org/ow2/asm/asm/9.6/asm-9.6.jar:/home/gonzaloma/.m2/repository/org/assertj/assertj-core/3.25.3/assertj-core-3.25.3.jar:/home/gonzaloma/.m2/repository/net/bytebuddy/byte-buddy/1.14.19/byte-buddy-1.14.19.jar:/home/gonzaloma/.m2/repository/org/awaitility/awaitility/4.2.2/awaitility-4.2.2.jar:/home/gonzaloma/.m2/repository/org/hamcrest/hamcrest/2.2/hamcrest-2.2.jar:/home/gonzaloma/.m2/repository/org/junit/jupiter/junit-jupiter/5.10.5/junit-jupiter-5.10.5.jar:/home/gonzaloma/.m2/repository/org/junit/jupiter/junit-jupiter-api/5.10.5/junit-jupiter-api-5.10.5.jar:/home/gonzaloma/.m2/repository/org/opentest4j/opentest4j/1.3.0/opentest4j-1.3.0.jar:/home/gonzaloma/.m2/repository/org/junit/platform/junit-platform-commons/1.10.5/junit-platform-commons-1.10.5.jar:/home/gonzaloma/.m2/repository/org/apiguardian/apiguardian-api/1.1.2/apiguardian-api-1.1.2.jar:/home/gonzaloma/.m2/repository/org/junit/jupiter/junit-jupiter-params/5.10.5/junit-jupiter-params-5.10.5.jar:/home/gonzaloma/.m2/repository/org/junit/jupiter/junit-jupiter-engine/5.10.5/junit-jupiter-engine-5.10.5.jar:/home/gonzaloma/.m2/repository/org/junit/platform/junit-platform-engine/1.10.5/junit-platform-engine-1.10.5.jar:/home/gonzaloma/.m2/repository/org/mockito/mockito-core/5.11.0/mockito-core-5.11.0.jar:/home/gonzaloma/.m2/repository/net/bytebuddy/byte-buddy-agent/1.14.19/byte-buddy-agent-1.14.19.jar:/home/gonzaloma/.m2/repository/org/objenesis/objenesis/3.3/objenesis-3.3.jar:/home/gonzaloma/.m2/repository/org/mockito/mockito-junit-jupiter/5.11.0/mockito-junit-jupiter-5.11.0.jar:/home/gonzaloma/.m2/repository/org/skyscreamer/jsonassert/1.5.3/jsonassert-1.5.3.jar:/home/gonzaloma/.m2/repository/com/vaadin/external/google/android-json/0.0.20131108.vaadin1/android-json-0.0.20131108.vaadin1.jar:/home/gonzaloma/.m2/repository/org/springframework/spring-core/6.1.15/spring-core-6.1.15.jar:/home/gonzaloma/.m2/repository/org/springframework/spring-jcl/6.1.15/spring-jcl-6.1.15.jar:/home/gonzaloma/.m2/repository/org/springframework/spring-test/6.1.15/spring-test-6.1.15.jar:/home/gonzaloma/.m2/repository/org/xmlunit/xmlunit-core/2.9.1/xmlunit-core-2.9.1.jar:/home/gonzaloma/.m2/repository/org/springframework/boot/spring-boot-starter-data-jpa/3.3.6/spring-boot-starter-data-jpa-3.3.6.jar:/home/gonzaloma/.m2/repository/org/springframework/boot/spring-boot-starter-aop/3.3.6/spring-boot-starter-aop-3.3.6.jar:/home/gonzaloma/.m2/repository/org/aspectj/aspectjweaver/1.9.22.1/aspectjweaver-1.9.22.1.jar:/home/gonzaloma/.m2/repository/org/springframework/boot/spring-boot-starter-jdbc/3.3.6/spring-boot-starter-jdbc-3.3.6.jar:/home/gonzaloma/.m2/repository/com/zaxxer/HikariCP/5.1.0/HikariCP-5.1.0.jar:/home/gonzaloma/.m2/repository/org/springframework/spring-jdbc/6.1.15/spring-jdbc-6.1.15.jar:/home/gonzaloma/.m2/repository/org/hibernate/orm/hibernate-core/6.5.3.Final/hibernate-core-6.5.3.Final.jar:/home/gonzaloma/.m2/repository/jakarta/persistence/jakarta.persistence-api/3.1.0/jakarta.persistence-api-3.1.0.jar:/home/gonzaloma/.m2/repository/jakarta/transaction/jakarta.transaction-api/2.0.1/jakarta.transaction-api-2.0.1.jar:/home/gonzaloma/.m2/repository/org/jboss/logging/jboss-logging/3.5.3.Final/jboss-logging-3.5.3.Final.jar:/home/gonzaloma/.m2/repository/org/hibernate/common/hibernate-commons-annotations/6.0.6.Final/hibernate-commons-annotations-6.0.6.Final.jar:/home/gonzaloma/.m2/repository/io/smallrye/jandex/3.1.2/jandex-3.1.2.jar:/home/gonzaloma/.m2/repository/com/fasterxml/classmate/1.7.0/classmate-1.7.0.jar:/home/gonzaloma/.m2/repository/org/glassfish/jaxb/jaxb-runtime/4.0.5/jaxb-runtime-4.0.5.jar:/home/gonzaloma/.m2/repository/org/glassfish/jaxb/jaxb-core/4.0.5/jaxb-core-4.0.5.jar:/home/gonzaloma/.m2/repository/org/eclipse/angus/angus-activation/2.0.2/angus-activation-2.0.2.jar:/home/gonzaloma/.m2/repository/org/glassfish/jaxb/txw2/4.0.5/txw2-4.0.5.jar:/home/gonzaloma/.m2/repository/com/sun/istack/istack-commons-runtime/4.1.2/istack-commons-runtime-4.1.2.jar:/home/gonzaloma/.m2/repository/jakarta/inject/jakarta.inject-api/2.0.1/jakarta.inject-api-2.0.1.jar:/home/gonzaloma/.m2/repository/org/antlr/antlr4-runtime/4.13.0/antlr4-runtime-4.13.0.jar:/home/gonzaloma/.m2/repository/org/springframework/data/spring-data-jpa/3.3.6/spring-data-jpa-3.3.6.jar:/home/gonzaloma/.m2/repository/org/springframework/data/spring-data-commons/3.3.6/spring-data-commons-3.3.6.jar:/home/gonzaloma/.m2/repository/org/springframework/spring-orm/6.1.15/spring-orm-6.1.15.jar:/home/gonzaloma/.m2/repository/org/springframework/spring-tx/6.1.15/spring-tx-6.1.15.jar:/home/gonzaloma/.m2/repository/org/springframework/spring-aspects/6.1.15/spring-aspects-6.1.15.jar:/home/gonzaloma/.m2/repository/com/h2database/h2/2.2.224/h2-2.2.224.jar:"/>
    <property name="sun.cpu.endian" value="little"/>
    <property name="user.home" value="/home/gonzaloma"/>
    <property name="user.language" value="en"/>
    <property name="java.specification.vendor" value="Oracle Corporation"/>
    <property name="java.version.date" value="2024-10-15"/>
    <property name="java.home" value="/usr/lib/jvm/java-21-openjdk-amd64"/>
    <property name="file.separator" value="/"/>
    <property name="basedir" value="/home/gonzaloma/Documents/Universidad/Ing_Web/Proyecto/IngenieriaWeb/backendcitas"/>
    <property name="java.vm.compressedOopsMode" value="Zero based"/>
    <property name="line.separator" value="&#10;"/>
    <property name="java.vm.specification.vendor" value="Oracle Corporation"/>
    <property name="java.specification.name" value="Java Platform API Specification"/>
    <property name="FILE_LOG_CHARSET" value="UTF-8"/>
    <property name="java.awt.headless" value="true"/>
    <property name="surefire.real.class.path" value="/home/gonzaloma/Documents/Universidad/Ing_Web/Proyecto/IngenieriaWeb/backendcitas/target/surefire/surefirebooter-20241205155452898_3.jar"/>
    <property name="sun.management.compiler" value="HotSpot 64-Bit Tiered Compilers"/>
    <property name="java.runtime.version" value="21.0.5+11-Ubuntu-1ubuntu122.04"/>
    <property name="user.name" value="gonzaloma"/>
    <property name="stdout.encoding" value="UTF-8"/>
    <property name="path.separator" value=":"/>
    <property name="os.version" value="6.8.0-49-generic"/>
    <property name="java.runtime.name" value="OpenJDK Runtime Environment"/>
    <property name="file.encoding" value="UTF-8"/>
    <property name="java.vm.name" value="OpenJDK 64-Bit Server VM"/>
    <property name="localRepository" value="/home/gonzaloma/.m2/repository"/>
    <property name="java.vendor.url.bug" value="https://bugs.launchpad.net/ubuntu/+source/openjdk-21"/>
    <property name="java.io.tmpdir" value="/tmp"/>
    <property name="com.zaxxer.hikari.pool_number" value="1"/>
    <property name="java.version" value="21.0.5"/>
    <property name="user.dir" value="/home/gonzaloma/Documents/Universidad/Ing_Web/Proyecto/IngenieriaWeb/backendcitas"/>
    <property name="os.arch" value="amd64"/>
    <property name="java.vm.specification.name" value="Java Virtual Machine Specification"/>
    <property name="PID" value="592373"/>
    <property name="CONSOLE_LOG_CHARSET" value="UTF-8"/>
    <property name="native.encoding" value="UTF-8"/>
    <property name="java.library.path" value="/usr/local/cuda-12.4/lib64:/usr/local/cuda-12.4/lib64::/usr/java/packages/lib:/usr/lib/x86_64-linux-gnu/jni:/lib/x86_64-linux-gnu:/usr/lib/x86_64-linux-gnu:/usr/lib/jni:/lib:/usr/lib"/>
    <property name="java.vm.info" value="mixed mode, sharing"/>
    <property name="stderr.encoding" value="UTF-8"/>
    <property name="java.vendor" value="Ubuntu"/>
    <property name="java.vm.version" value="21.0.5+11-Ubuntu-1ubuntu122.04"/>
    <property name="sun.io.unicode.encoding" value="UnicodeLittle"/>
    <property name="java.class.version" value="65.0"/>
    <property name="LOGGED_APPLICATION_NAME" value="[backendcitas] "/>
  </properties>
  <testcase name="contextLoads" classname="com.aplicacion.backendcitas.BackendcitasApplicationTests" time="0.493">
    <system-out><![CDATA[15:54:53.620 [main] INFO org.springframework.test.context.support.AnnotationConfigContextLoaderUtils -- Could not detect default configuration classes for test class [com.aplicacion.backendcitas.BackendcitasApplicationTests]: BackendcitasApplicationTests does not declare any static, non-private, non-final, nested classes annotated with @Configuration.
15:54:53.741 [main] INFO org.springframework.boot.test.context.SpringBootTestContextBootstrapper -- Found @SpringBootConfiguration com.aplicacion.backendcitas.BackendcitasApplication for test class com.aplicacion.backendcitas.BackendcitasApplicationTests
15:54:53.885 [main] INFO org.springframework.boot.devtools.restart.RestartApplicationListener -- Restart disabled due to context in which it is running

  .   ____          _            __ _ _
 /\\ / ___'_ __ _ _(_)_ __  __ _ \ \ \ \
( ( )\___ | '_ | '_| | '_ \/ _` | \ \ \ \
 \\/  ___)| |_)| | | | | || (_| |  ) ) ) )
  '  |____| .__|_| |_|_| |_\__, | / / / /
 =========|_|==============|___/=/_/_/_/

 :: Spring Boot ::                (v3.3.6)

2024-12-05T15:54:54.148+01:00  INFO 592373 --- [backendcitas] [           main] c.a.b.BackendcitasApplicationTests       : Starting BackendcitasApplicationTests using Java 21.0.5 with PID 592373 (started by gonzaloma in /home/gonzaloma/Documents/Universidad/Ing_Web/Proyecto/IngenieriaWeb/backendcitas)
2024-12-05T15:54:54.149+01:00  INFO 592373 --- [backendcitas] [           main] c.a.b.BackendcitasApplicationTests       : No active profile set, falling back to 1 default profile: "default"
2024-12-05T15:54:54.598+01:00  INFO 592373 --- [backendcitas] [           main] .s.d.r.c.RepositoryConfigurationDelegate : Bootstrapping Spring Data JPA repositories in DEFAULT mode.
2024-12-05T15:54:54.655+01:00  INFO 592373 --- [backendcitas] [           main] .s.d.r.c.RepositoryConfigurationDelegate : Finished Spring Data repository scanning in 50 ms. Found 4 JPA repository interfaces.
2024-12-05T15:54:55.286+01:00  INFO 592373 --- [backendcitas] [           main] o.hibernate.jpa.internal.util.LogHelper  : HHH000204: Processing PersistenceUnitInfo [name: default]
2024-12-05T15:54:55.340+01:00  INFO 592373 --- [backendcitas] [           main] org.hibernate.Version                    : HHH000412: Hibernate ORM core version 6.5.3.Final
2024-12-05T15:54:55.373+01:00  INFO 592373 --- [backendcitas] [           main] o.h.c.internal.RegionFactoryInitiator    : HHH000026: Second-level cache disabled
2024-12-05T15:54:55.667+01:00  INFO 592373 --- [backendcitas] [           main] o.s.o.j.p.SpringPersistenceUnitInfo      : No LoadTimeWeaver setup: ignoring JPA class transformer
2024-12-05T15:54:55.698+01:00  INFO 592373 --- [backendcitas] [           main] com.zaxxer.hikari.HikariDataSource       : HikariPool-1 - Starting...
2024-12-05T15:54:55.900+01:00  INFO 592373 --- [backendcitas] [           main] com.zaxxer.hikari.pool.HikariPool        : HikariPool-1 - Added connection conn0: url=jdbc:h2:file:./database user=SA
2024-12-05T15:54:55.902+01:00  INFO 592373 --- [backendcitas] [           main] com.zaxxer.hikari.HikariDataSource       : HikariPool-1 - Start completed.
2024-12-05T15:54:56.774+01:00  INFO 592373 --- [backendcitas] [           main] o.h.e.t.j.p.i.JtaPlatformInitiator       : HHH000489: No JTA platform available (set 'hibernate.transaction.jta.platform' to enable JTA platform integration)
Hibernate: 
    drop table if exists cita cascade 
Hibernate: 
    drop table if exists medico cascade 
Hibernate: 
    drop table if exists paciente cascade 
Hibernate: 
    drop table if exists usuario cascade 
Hibernate: 
    create table cita (
        fecha timestamp(6) not null,
        id bigint generated by default as identity,
        medico_id bigint not null,
        paciente_id bigint,
        descripcion varchar(255),
        tipo_cita enum ('CONSULTA','REVISION','URGENCIA'),
        primary key (id),
        unique (medico_id, fecha)
    )
Hibernate: 
    create table medico (
        id bigint generated by default as identity,
        apellidos varchar(255),
        email varchar(255),
        especialidad varchar(255),
        nombre varchar(255),
        telefono varchar(255),
        primary key (id)
    )
Hibernate: 
    create table paciente (
        id bigint generated by default as identity,
        apellidos varchar(255),
        dni varchar(255) unique,
        email varchar(255),
        nombre varchar(255),
        telefono varchar(255),
        primary key (id)
    )
Hibernate: 
    create table usuario (
        id bigint generated by default as identity,
        contrasena varchar(255),
        email varchar(255) unique,
        nombre varchar(255),
        rol enum ('ADMINISTRADOR','MEDICO','PACIENTE'),
        primary key (id)
    )
Hibernate: 
    alter table if exists cita 
       add constraint FKdfrd023l6bdxh9tb21isevvth 
       foreign key (medico_id) 
       references medico
Hibernate: 
    alter table if exists cita 
       add constraint FKdbtp2mwrvqktqu8954d3xaddv 
       foreign key (paciente_id) 
       references paciente
2024-12-05T15:54:56.832+01:00  INFO 592373 --- [backendcitas] [           main] j.LocalContainerEntityManagerFactoryBean : Initialized JPA EntityManagerFactory for persistence unit 'default'
2024-12-05T15:54:57.378+01:00  WARN 592373 --- [backendcitas] [           main] JpaBaseConfiguration$JpaWebConfiguration : spring.jpa.open-in-view is enabled by default. Therefore, database queries may be performed during view rendering. Explicitly configure spring.jpa.open-in-view to disable this warning
2024-12-05T15:54:57.706+01:00  WARN 592373 --- [backendcitas] [           main] ion$DefaultTemplateResolverConfiguration : Cannot find template location: classpath:/templates/ (please add some templates, check your Thymeleaf configuration, or set spring.thymeleaf.check-template-location=false)
2024-12-05T15:54:57.751+01:00  INFO 592373 --- [backendcitas] [           main] o.s.b.a.h2.H2ConsoleAutoConfiguration    : H2 console available at '/h2'. Database available at 'jdbc:h2:file:./database'
2024-12-05T15:54:57.812+01:00  INFO 592373 --- [backendcitas] [           main] c.a.b.BackendcitasApplicationTests       : Started BackendcitasApplicationTests in 3.94 seconds (process running for 4.856)
schema.sql ejecutado correctamente.
data.sql ejecutado correctamente.
]]></system-out>
    <system-err><![CDATA[WARNING: A Java agent has been loaded dynamically (/home/gonzaloma/.m2/repository/net/bytebuddy/byte-buddy-agent/1.14.19/byte-buddy-agent-1.14.19.jar)
WARNING: If a serviceability tool is in use, please run with -XX:+EnableDynamicAgentLoading to hide this warning
WARNING: If a serviceability tool is not in use, please run with -Djdk.instrument.traceUsage for more information
WARNING: Dynamic loading of agents will be disallowed by default in a future release
]]></system-err>
  </testcase>
</testsuite>